[22:23:36] [main/INFO]: Loading Minecraft 1.21.1 with Fabric Loader 0.16.9
[22:23:36] [main/INFO]: Loading 77 mods:
	- architectury 13.0.8
	- balm-fabric 21.0.20
	   \-- kuma_api 21.0.5-SNAPSHOT
	- fabric-api 0.108.0+1.21.1
	   |-- fabric-api-base 0.4.42+6573ed8c19
	   |-- fabric-api-lookup-api-v1 1.6.70+b559734419
	   |-- fabric-biome-api-v1 13.0.30+be1ed2d719
	   |-- fabric-block-api-v1 1.0.22+0af3f5a719
	   |-- fabric-block-view-api-v2 1.0.10+6573ed8c19
	   |-- fabric-blockrenderlayer-v1 1.1.52+0af3f5a719
	   |-- fabric-client-tags-api-v1 1.1.15+6573ed8c19
	   |-- fabric-command-api-v1 1.2.49+f71b366f19
	   |-- fabric-command-api-v2 2.2.28+6ced4dd919
	   |-- fabric-commands-v0 0.2.66+df3654b319
	   |-- fabric-content-registries-v0 8.0.18+b559734419
	   |-- fabric-convention-tags-v1 2.1.2+7f945d5b19
	   |-- fabric-convention-tags-v2 2.9.2+e60e56d419
	   |-- fabric-crash-report-info-v1 0.2.29+0af3f5a719
	   |-- fabric-data-attachment-api-v1 1.3.0+8e331c5719
	   |-- fabric-data-generation-api-v1 20.2.23+16c4ae2519
	   |-- fabric-dimensions-v1 4.0.0+6fc22b9919
	   |-- fabric-entity-events-v1 1.7.0+2122d82819
	   |-- fabric-events-interaction-v0 0.7.13+ba9dae0619
	   |-- fabric-game-rule-api-v1 1.0.53+6ced4dd919
	   |-- fabric-item-api-v1 11.1.1+d5debaed19
	   |-- fabric-item-group-api-v1 4.1.6+6823f7cd19
	   |-- fabric-key-binding-api-v1 1.0.47+0af3f5a719
	   |-- fabric-keybindings-v0 0.2.45+df3654b319
	   |-- fabric-lifecycle-events-v1 2.5.0+01d9a51c19
	   |-- fabric-loot-api-v2 3.0.15+3f89f5a519
	   |-- fabric-loot-api-v3 1.0.3+3f89f5a519
	   |-- fabric-message-api-v1 6.0.13+6573ed8c19
	   |-- fabric-model-loading-api-v1 2.0.0+fe474d6b19
	   |-- fabric-networking-api-v1 4.3.0+c7469b2119
	   |-- fabric-object-builder-api-v1 15.2.1+40875a9319
	   |-- fabric-particles-v1 4.0.2+6573ed8c19
	   |-- fabric-recipe-api-v1 5.0.13+6508971219
	   |-- fabric-registry-sync-v0 5.1.3+60c3209b19
	   |-- fabric-renderer-api-v1 3.4.0+c705a49c19
	   |-- fabric-renderer-indigo 1.7.0+c705a49c19
	   |-- fabric-renderer-registries-v1 3.2.68+df3654b319
	   |-- fabric-rendering-data-attachment-v1 0.3.48+73761d2e19
	   |-- fabric-rendering-fluids-v1 3.1.6+1daea21519
	   |-- fabric-rendering-v0 1.1.71+df3654b319
	   |-- fabric-rendering-v1 5.0.5+df16efd019
	   |-- fabric-resource-conditions-api-v1 4.3.0+8dc279b119
	   |-- fabric-resource-loader-v0 1.3.1+5b5275af19
	   |-- fabric-screen-api-v1 2.0.25+8b68f1c719
	   |-- fabric-screen-handler-api-v1 1.3.87+b559734419
	   |-- fabric-sound-api-v1 1.0.23+6573ed8c19
	   |-- fabric-transfer-api-v1 5.4.2+95bead5f19
	   \-- fabric-transitive-access-wideners-v1 6.1.0+1daea21519
	- fabricloader 0.16.9
	   \-- mixinextras 0.4.1
	- fallingtree 1.21.1.2
	- fwaystones 3.3.4+mc1.21.1
	- immersive_aircraft 1.1.5+1.21.1
	   \-- org_mariuszgromada_math_mathparser_org-mxparser 5.2.1
	- jamlib 1.2.2+1.21.1
	   \-- blue_endless_jankson 1.2.3
	- java 21
	- journeymap 1.21.1-6.0.0-beta.29
	   |-- ar_com_hjg_pngj 2.1.0
	   |-- commonnetworking 1.0.16-1.21.1
	   \-- journeymap-api-fabric 2.0.0-1.21.1-SNAPSHOT
	- minecraft 1.21.1
	- mr_dungeons_andtaverns 1-v4.4.4
	- nullscape 1.2.9
	- owo 0.12.10+1.21
	   |-- io_wispforest_endec 0.1.0
	   |-- io_wispforest_endec_gson 0.1.0
	   |-- io_wispforest_endec_jankson 0.1.0
	   \-- io_wispforest_endec_netty 0.1.0
	- rightclickharvest 4.4.3+1.21.1
	- seasons 2.4.2-BETA+1.21
	- universal-graves 3.4.4+1.21
	   |-- common-protection-api 1.0.0
	   |-- fabric-permissions-api-v0 0.2-SNAPSHOT
	   |-- placeholder-api 2.4.1+1.21
	   |-- polymer-core 0.9.14+1.21.1
	   |    |-- polymer-networking 0.9.14+1.21.1
	   |    |    \-- polymer-common 0.9.14+1.21.1
	   |    |         \-- packet_tweaker 0.5.5+1.21
	   |    \-- polymer-registry-sync-manipulator 0.9.14+1.21.1
	   |-- polymer-resource-pack 0.9.14+1.21.1
	   |    \-- polymer-common 0.9.14+1.21.1
	   |         \-- packet_tweaker 0.5.5+1.21
	   |-- polymer-virtual-entity 0.9.14+1.21.1
	   |    \-- polymer-common 0.9.14+1.21.1
	   |         \-- packet_tweaker 0.5.5+1.21
	   |-- predicate-api 0.5.1+1.21
	   |-- server_translations_api 2.3.1+1.21-pre2
	   \-- sgui 1.6.0+1.21
[22:23:36] [main/INFO]: SpongePowered MIXIN Subsystem Version=0.8.7 Source=file:/home/rgel/minecraft_servers/minecraft_vanila_extended/libraries/net/fabricmc/sponge-mixin/0.15.4+mixin.0.8.7/sponge-mixin-0.15.4+mixin.0.8.7.jar Service=Knot/Fabric Env=SERVER
[22:23:36] [main/INFO]: Compatibility level set to JAVA_16
[22:23:36] [main/INFO]: Compatibility level set to JAVA_17
[22:23:36] [main/INFO]: Compatibility level set to JAVA_21
[22:23:36] [main/WARN]: Reference map 'journeymap-refmap.json' for journeymap.mixins.json could not be read. If this is a development environment you can ignore this message
[22:23:36] [main/WARN]: Reference map 'journeymap-refmap.json' for journeymap.fabric.mixins.json could not be read. If this is a development environment you can ignore this message
[22:23:37] [main/WARN]: Error loading class: net/minecraft/class_287 (java.lang.ClassNotFoundException: net/minecraft/class_287)
[22:23:37] [main/WARN]: @Mixin target net.minecraft.class_287 was not found owo.mixins.json:BufferBuilderAccessor from mod owo
[22:23:37] [main/WARN]: Error loading class: net/minecraft/class_8673 (java.lang.ClassNotFoundException: net/minecraft/class_8673)
[22:23:37] [main/WARN]: @Mixin target net.minecraft.class_8673 was not found owo.mixins.json:ClientCommonNetworkHandlerAccessor from mod owo
[22:23:37] [main/WARN]: Error loading class: com/simibubi/create/content/kinetics/base/BlockBreakingKineticBlockEntity (java.lang.ClassNotFoundException: com/simibubi/create/content/kinetics/base/BlockBreakingKineticBlockEntity)
[22:23:37] [main/INFO]: Initializing MixinExtras via com.llamalad7.mixinextras.service.MixinExtrasServiceImpl(version=0.4.1).
[22:23:44] [main/INFO]: Is initializing.
[22:23:44] [main/INFO]: Has successfully been initialized.
[22:23:44] [main/ERROR]: No data fixer registered for immersive_aircraft:gyrodyne
[22:23:44] [main/ERROR]: No data fixer registered for immersive_aircraft:biplane
[22:23:44] [main/ERROR]: No data fixer registered for immersive_aircraft:airship
[22:23:44] [main/ERROR]: No data fixer registered for immersive_aircraft:cargo_airship
[22:23:44] [main/ERROR]: No data fixer registered for immersive_aircraft:warship
[22:23:44] [main/ERROR]: No data fixer registered for immersive_aircraft:quadrocopter
[22:23:44] [main/ERROR]: No data fixer registered for immersive_aircraft:bullet
[22:23:44] [main/ERROR]: No data fixer registered for immersive_aircraft:tiny_tnt
[22:23:44] [main/INFO]: Initializing JamLib on Fabric
[22:23:44] [main/INFO]: Initializing ServerSide Packet Registries
[22:23:44] [main/INFO]: There is a 1% chance that instead of Frog, you get Froge!
[22:23:45] [main/INFO]: Updated config file at /home/rgel/minecraft_servers/minecraft_vanila_extended/config/rightclickharvest.json5
[22:23:45] [main/INFO]: Initializing Right Click Harvest on FABRIC
[22:23:45] [main/INFO]: [Fabric Seasons] Trying to read config file...
[22:23:45] [main/INFO]: [Fabric Seasons] A config file was found, loading it..
[22:23:45] [main/INFO]: [Fabric Seasons] Successfully loaded config file.
[22:23:45] [main/INFO]: Environment: Environment[sessionHost=https://sessionserver.mojang.com, servicesHost=https://api.minecraftservices.com, name=PROD]
[22:23:45] [main/INFO]: Found new data pack balm-fabric, loading it automatically
[22:23:45] [main/INFO]: Found new data pack fabric, loading it automatically
[22:23:45] [main/INFO]: Found new data pack fabric-convention-tags-v2, loading it automatically
[22:23:45] [main/INFO]: Found new data pack fwaystones, loading it automatically
[22:23:45] [main/INFO]: Found new data pack immersive_aircraft, loading it automatically
[22:23:45] [main/INFO]: Found new data pack mr_dungeons_andtaverns, loading it automatically
[22:23:45] [main/INFO]: Found new data pack nullscape, loading it automatically
[22:23:45] [main/INFO]: Found new data pack rightclickharvest, loading it automatically
[22:23:45] [main/INFO]: Found new data pack seasons, loading it automatically
[22:23:45] [main/INFO]: Found new data pack server_translations_api, loading it automatically
[22:23:45] [main/INFO]: Found new data pack universal-graves, loading it automatically
[22:23:46] [main/INFO]: No existing world data, creating new world
[22:23:47] [main/INFO]: Loaded 1329 recipes
[22:23:47] [main/ERROR]: Couldn't load advancements: [minecraft:wander_add_map, minecraft:give_quest_trader_trade]
[22:23:47] [main/INFO]: Loaded 1448 advancements
[22:23:47] [main/INFO]: [Fabric Seasons] Successfully loaded 15 custom crop configs.
[22:23:47] [ForkJoinPool.commonPool-worker-1/INFO]: Loaded 58 translation keys
[22:23:47] [main/INFO]: Applied 0 biome modifications to 0 of 67 new biomes in 1.652 ms
[22:23:47] [Server thread/INFO]: Adding waystone fwaystones:village_waystone to village kaisyn:village/flower_forest_japanese/houses
[22:23:47] [Server thread/ERROR]: Cannot add to kaisyn:village/flower_forest_japanese/houses as it cannot be found!
[22:23:47] [Server thread/INFO]: Adding waystone fwaystones:desert_village_waystone to village ctov:village/desert_oasis/house
[22:23:47] [Server thread/ERROR]: Cannot add to ctov:village/desert_oasis/house as it cannot be found!
[22:23:47] [Server thread/INFO]: Adding waystone fwaystones:village_waystone to village ctov:village/mountain_alpine/house
[22:23:47] [Server thread/ERROR]: Cannot add to ctov:village/mountain_alpine/house as it cannot be found!
[22:23:47] [Server thread/INFO]: Adding waystone fwaystones:village_waystone to village kaisyn:village/beach_lighthouse/side
[22:23:47] [Server thread/ERROR]: Cannot add to kaisyn:village/beach_lighthouse/side as it cannot be found!
[22:23:47] [Server thread/INFO]: Adding waystone fwaystones:village_waystone to village ctov:village/savanna_na/house
[22:23:47] [Server thread/ERROR]: Cannot add to ctov:village/savanna_na/house as it cannot be found!
[22:23:47] [Server thread/INFO]: Adding waystone fwaystones:village_waystone to village ctov:village/swamp/house
[22:23:47] [Server thread/ERROR]: Cannot add to ctov:village/swamp/house as it cannot be found!
[22:23:47] [Server thread/INFO]: Adding waystone fwaystones:village_waystone to village minecraft:village/savanna/houses
[22:23:47] [Server thread/INFO]: Adding waystone fwaystones:village_waystone to village ctov:village/snowy_igloo/house
[22:23:47] [Server thread/ERROR]: Cannot add to ctov:village/snowy_igloo/house as it cannot be found!
[22:23:47] [Server thread/INFO]: Adding waystone fwaystones:village_waystone to village kaisyn:village/exclusives/nilotic/houses
[22:23:47] [Server thread/ERROR]: Cannot add to kaisyn:village/exclusives/nilotic/houses as it cannot be found!
[22:23:47] [Server thread/INFO]: Adding waystone fwaystones:village_waystone to village kaisyn:village/badlands_pueblo/houses
[22:23:47] [Server thread/ERROR]: Cannot add to kaisyn:village/badlands_pueblo/houses as it cannot be found!
[22:23:47] [Server thread/INFO]: Adding waystone fwaystones:village_waystone to village kaisyn:village/exclusives/tudor/houses
[22:23:47] [Server thread/ERROR]: Cannot add to kaisyn:village/exclusives/tudor/houses as it cannot be found!
[22:23:47] [Server thread/INFO]: Adding waystone fwaystones:village_waystone to village ctov:village/mushroom/house
[22:23:47] [Server thread/ERROR]: Cannot add to ctov:village/mushroom/house as it cannot be found!
[22:23:47] [Server thread/INFO]: Adding waystone fwaystones:village_waystone to village kaisyn:village/exclusives/mediterranean/houses/regular
[22:23:47] [Server thread/ERROR]: Cannot add to kaisyn:village/exclusives/mediterranean/houses/regular as it cannot be found!
[22:23:47] [Server thread/INFO]: Adding waystone fwaystones:village_waystone to village minecraft:village/taiga/houses
[22:23:47] [Server thread/INFO]: Adding waystone fwaystones:village_waystone to village kaisyn:village/birch_forest_romanian/houses
[22:23:47] [Server thread/ERROR]: Cannot add to kaisyn:village/birch_forest_romanian/houses as it cannot be found!
[22:23:47] [Server thread/INFO]: Adding waystone fwaystones:red_desert_village_waystone to village ctov:village/mesa_fortified/house
[22:23:47] [Server thread/ERROR]: Cannot add to ctov:village/mesa_fortified/house as it cannot be found!
[22:23:47] [Server thread/INFO]: Adding waystone fwaystones:village_waystone to village kaisyn:village/exclusives/classic/houses
[22:23:47] [Server thread/ERROR]: Cannot add to kaisyn:village/exclusives/classic/houses as it cannot be found!
[22:23:47] [Server thread/INFO]: Adding waystone fwaystones:village_waystone to village kaisyn:village/exclusives/wandering_trader_camp/side
[22:23:47] [Server thread/ERROR]: Cannot add to kaisyn:village/exclusives/wandering_trader_camp/side as it cannot be found!
[22:23:47] [Server thread/INFO]: Adding waystone fwaystones:desert_village_waystone to village ctov:village/desert/house
[22:23:47] [Server thread/ERROR]: Cannot add to ctov:village/desert/house as it cannot be found!
[22:23:47] [Server thread/INFO]: Adding waystone fwaystones:village_waystone to village kaisyn:village/exclusives/rustic/houses
[22:23:47] [Server thread/ERROR]: Cannot add to kaisyn:village/exclusives/rustic/houses as it cannot be found!
[22:23:47] [Server thread/INFO]: Adding waystone fwaystones:desert_village_waystone to village minecraft:village/desert/houses
[22:23:47] [Server thread/INFO]: Adding waystone fwaystones:village_waystone to village ctov:village/savanna/house
[22:23:47] [Server thread/ERROR]: Cannot add to ctov:village/savanna/house as it cannot be found!
[22:23:47] [Server thread/INFO]: Adding waystone fwaystones:desert_village_waystone to village ctov:village/beach/house
[22:23:47] [Server thread/ERROR]: Cannot add to ctov:village/beach/house as it cannot be found!
[22:23:47] [Server thread/INFO]: Adding waystone fwaystones:village_waystone to village minecraft:village/plains/houses
[22:23:47] [Server thread/INFO]: Adding waystone fwaystones:village_waystone to village ctov:village/taiga/house
[22:23:47] [Server thread/ERROR]: Cannot add to ctov:village/taiga/house as it cannot be found!
[22:23:47] [Server thread/INFO]: Adding waystone fwaystones:stone_brick_village_waystone to village ctov:village/underground/house
[22:23:47] [Server thread/ERROR]: Cannot add to ctov:village/underground/house as it cannot be found!
[22:23:47] [Server thread/INFO]: Adding waystone fwaystones:red_desert_village_waystone to village ctov:village/mesa/house
[22:23:47] [Server thread/ERROR]: Cannot add to ctov:village/mesa/house as it cannot be found!
[22:23:47] [Server thread/INFO]: Adding waystone fwaystones:village_waystone to village kaisyn:village/grove_villager_outpost/decor
[22:23:47] [Server thread/ERROR]: Cannot add to kaisyn:village/grove_villager_outpost/decor as it cannot be found!
[22:23:47] [Server thread/INFO]: Adding waystone fwaystones:mossy_stone_brick_village_waystone to village ctov:village/jungle/house
[22:23:47] [Server thread/ERROR]: Cannot add to ctov:village/jungle/house as it cannot be found!
[22:23:47] [Server thread/INFO]: Adding waystone fwaystones:village_waystone to village ctov:village/mountain/house
[22:23:47] [Server thread/ERROR]: Cannot add to ctov:village/mountain/house as it cannot be found!
[22:23:47] [Server thread/INFO]: Adding waystone fwaystones:village_waystone to village ctov:village/halloween/house
[22:23:47] [Server thread/ERROR]: Cannot add to ctov:village/halloween/house as it cannot be found!
[22:23:47] [Server thread/INFO]: Adding waystone fwaystones:village_waystone to village kaisyn:village/jungle_tribal/houses
[22:23:47] [Server thread/ERROR]: Cannot add to kaisyn:village/jungle_tribal/houses as it cannot be found!
[22:23:47] [Server thread/INFO]: Adding waystone fwaystones:village_waystone to village kaisyn:village/exclusives/iberian/houses
[22:23:47] [Server thread/ERROR]: Cannot add to kaisyn:village/exclusives/iberian/houses as it cannot be found!
[22:23:47] [Server thread/INFO]: Adding waystone fwaystones:village_waystone to village ctov:village/christmas/house
[22:23:47] [Server thread/ERROR]: Cannot add to ctov:village/christmas/house as it cannot be found!
[22:23:47] [Server thread/INFO]: Adding waystone fwaystones:village_waystone to village minecraft:village/snowy/houses
[22:23:47] [Server thread/INFO]: Adding waystone fwaystones:village_waystone to village ctov:village/plains/house
[22:23:47] [Server thread/ERROR]: Cannot add to ctov:village/plains/house as it cannot be found!
[22:23:47] [Server thread/INFO]: Adding waystone fwaystones:village_waystone to village ctov:village/swamp_fortified/house
[22:23:47] [Server thread/ERROR]: Cannot add to ctov:village/swamp_fortified/house as it cannot be found!
[22:23:47] [Server thread/INFO]: Adding waystone fwaystones:village_waystone to village ctov:village/plains_fortified/house
[22:23:47] [Server thread/ERROR]: Cannot add to ctov:village/plains_fortified/house as it cannot be found!
[22:23:47] [Server thread/INFO]: Adding waystone fwaystones:village_waystone to village ctov:village/taiga_fortified/house
[22:23:47] [Server thread/ERROR]: Cannot add to ctov:village/taiga_fortified/house as it cannot be found!
[22:23:47] [Server thread/INFO]: Adding waystone fwaystones:village_waystone to village kaisyn:village/exclusives/swedish/houses
[22:23:47] [Server thread/ERROR]: Cannot add to kaisyn:village/exclusives/swedish/houses as it cannot be found!
[22:23:47] [Server thread/INFO]: Adding waystone fwaystones:mossy_stone_brick_village_waystone to village ctov:village/jungle_tree/house
[22:23:47] [Server thread/ERROR]: Cannot add to ctov:village/jungle_tree/house as it cannot be found!
[22:23:48] [Server thread/INFO]: Starting minecraft server version 1.21.1
[22:23:48] [Server thread/INFO]: Loading properties
[22:23:48] [Server thread/INFO]: Default game type: SURVIVAL
[22:23:48] [Server thread/INFO]: Generating keypair
[22:23:48] [Server thread/INFO]: Starting Minecraft server on *:25565
[22:23:48] [Server thread/INFO]: Using epoll channel type
[22:23:48] [Server thread/WARN]: **** SERVER IS RUNNING IN OFFLINE/INSECURE MODE!
[22:23:48] [Server thread/WARN]: The server will make no attempt to authenticate usernames. Beware.
[22:23:48] [Server thread/WARN]: While this makes the game possible to play without internet access, it also opens up the ability for hackers to connect with any username they choose.
[22:23:48] [Server thread/WARN]: To change this, set "online-mode" to "true" in the server.properties file.
[22:23:48] [Server thread/INFO]: Preparing level "world"
[22:23:57] [Server thread/INFO]: Preparing start region for dimension minecraft:overworld
[22:23:57] [Worker-Main-2/INFO]: Preparing spawn area: 2%
[22:23:57] [Worker-Main-1/INFO]: Preparing spawn area: 2%
[22:23:58] [Worker-Main-7/INFO]: Preparing spawn area: 2%
[22:23:58] [Worker-Main-3/INFO]: Preparing spawn area: 2%
[22:23:59] [Worker-Main-4/INFO]: Preparing spawn area: 18%
[22:23:59] [Worker-Main-2/INFO]: Preparing spawn area: 18%
[22:24:00] [Worker-Main-6/INFO]: Preparing spawn area: 18%
[22:24:00] [Worker-Main-3/INFO]: Preparing spawn area: 18%
[22:24:01] [Worker-Main-4/INFO]: Preparing spawn area: 24%
[22:24:02] [Worker-Main-4/INFO]: Preparing spawn area: 24%
[22:24:02] [Worker-Main-4/INFO]: Preparing spawn area: 24%
[22:24:02] [Worker-Main-1/INFO]: Preparing spawn area: 51%
[22:24:03] [Worker-Main-7/INFO]: Preparing spawn area: 51%
[22:24:03] [Worker-Main-4/INFO]: Preparing spawn area: 51%
[22:24:04] [Worker-Main-7/INFO]: Preparing spawn area: 51%
[22:24:04] [Server thread/INFO]: Time elapsed: 7304 ms
[22:24:04] [Server thread/INFO]: Done (16.037s)! For help, type "help"
[22:24:04] [Server thread/INFO]: Loaded null for service interface journeymap.api.services.WebMapService
[22:24:04] [Server thread/INFO]: Loaded journeymap.common.helpers.FabricClientHooks@52155560 for service interface journeymap.api.services.ClientPlatformService
[22:24:04] [Server thread/INFO]: Loaded journeymap.common.helpers.FabricHooks@5593bc9a for service interface journeymap.api.services.CommonPlatformService
[22:24:04] [Server thread/INFO]: global (FirstLoaded) Setting config file to version "6.0.0-beta.29": journeymap.server.global.config
[22:24:04] [Server thread/INFO]: global (Valid) Creating config file: journeymap/server/6.0/journeymap.server.global.config
[22:24:04] [Server thread/INFO]: default (FirstLoaded) Setting config file to version "6.0.0-beta.29": journeymap.server.default.config
[22:24:04] [Server thread/INFO]: default (Valid) Creating config file: journeymap/server/6.0/journeymap.server.default.config
[22:24:04] [Server thread/INFO]: minecraft~overworld (Valid) Creating config file: journeymap/server/6.0/journeymap.server.minecraft~overworld.config
[22:24:04] [Server thread/INFO]: minecraft~the_end (Valid) Creating config file: journeymap/server/6.0/journeymap.server.minecraft~the_end.config
[22:24:04] [Server thread/INFO]: minecraft~the_nether (Valid) Creating config file: journeymap/server/6.0/journeymap.server.minecraft~the_nether.config
[22:46:38] [Server thread/INFO]: Rge1[/192.168.31.1:59168] logged in with entity id 57 at (8.5, 165.0, 6.5)
[22:46:38] [Server thread/INFO]: Sending server config values to client
[22:46:38] [Server thread/INFO]: Rge1 joined the game
[22:46:39] [Server thread/INFO]: Receiving client config
[22:46:44] [Worker-Main-12/WARN]: Tried to access a block entity before it was created. class_2338{x=60, y=77, z=-93}
[22:46:44] [Worker-Main-12/WARN]: Tried to access a block entity before it was created. class_2338{x=60, y=77, z=-93}
[22:46:50] [Server thread/WARN]: Tried to load a block entity for block Block{fwaystones:waystone}[active=false,facing=west,generated=true,half=upper,mossy=false,waterlogged=false] but failed at location class_2338{x=60, y=77, z=-93}
[22:48:47] [Worker-Main-9/WARN]: Empty or non-existent pool: minecraft:minecraft_empty
[22:51:02] [Server thread/INFO]: Rge1 has made the advancement [Stone Age]
[22:55:14] [Server thread/INFO]: Rge1 lost connection: Disconnected
[22:55:14] [Server thread/INFO]: Rge1 left the game
[22:55:26] [Server thread/INFO]: Unknown or incomplete command, see below for error
[22:55:26] [Server thread/INFO]: quit<--[HERE]
[22:55:31] [Server thread/INFO]: Unknown or incomplete command, see below for error
[22:55:31] [Server thread/INFO]: exit<--[HERE]
[22:55:33] [Server thread/INFO]: Stopping the server
[22:55:33] [Server thread/INFO]: Stopping server
[22:55:33] [Server thread/INFO]: Saving players
[22:55:33] [Server thread/INFO]: Saving worlds
[22:55:33] [Server thread/INFO]: Saving chunks for level 'ServerLevel[world]'/minecraft:overworld
[22:55:33] [Server thread/INFO]: Saving chunks for level 'ServerLevel[world]'/minecraft:the_end
[22:55:33] [Server thread/INFO]: Saving chunks for level 'ServerLevel[world]'/minecraft:the_nether
[22:55:33] [Server thread/INFO]: ThreadedAnvilChunkStorage (world): All chunks are saved
[22:55:33] [Server thread/INFO]: ThreadedAnvilChunkStorage (DIM1): All chunks are saved
[22:55:33] [Server thread/INFO]: ThreadedAnvilChunkStorage (DIM-1): All chunks are saved
[22:55:33] [Server thread/INFO]: ThreadedAnvilChunkStorage: All dimensions are saved
